# JRE version: Java(TM) SE Runtime Environment (8.0_20-b26) (build 1.8.0_20-b26)
# Java VM: Java HotSpot(TM) 64-Bit Server VM (25.20-b23 mixed mode windows-amd64 compressed oops)
Heap:
 PSYoungGen      total 18944K, used 11302K [0x00000000eb200000, 0x00000000ec700000, 0x0000000100000000)
  eden space 16384K, 68% used [0x00000000eb200000,0x00000000ebd099f8,0x00000000ec200000)
  from space 2560K, 0% used [0x00000000ec200000,0x00000000ec200000,0x00000000ec480000)
  to   space 2560K, 0% used [0x00000000ec480000,0x00000000ec480000,0x00000000ec700000)
 ParOldGen       total 31744K, used 813K [0x00000000c1600000, 0x00000000c3500000, 0x00000000eb200000)
  object space 31744K, 2% used [0x00000000c1600000,0x00000000c16cb718,0x00000000c3500000)
 Metaspace       used 13779K, capacity 13992K, committed 14208K, reserved 1064960K
  class space    used 1728K, capacity 1794K, committed 1920K, reserved 1048576K
GC Heap History (4 events):
Event: 0.289 GC heap before
{Heap before GC invocations=1 (full 0):
 PSYoungGen      total 18944K, used 2953K [0x00000000eb200000, 0x00000000ec700000, 0x0000000100000000)
  eden space 16384K, 18% used [0x00000000eb200000,0x00000000eb4e27a0,0x00000000ec200000)
  from space 2560K, 0% used [0x00000000ec480000,0x00000000ec480000,0x00000000ec700000)
  to   space 2560K, 0% used [0x00000000ec200000,0x00000000ec200000,0x00000000ec480000)
 ParOldGen       total 44032K, used 0K [0x00000000c1600000, 0x00000000c4100000, 0x00000000eb200000)
  object space 44032K, 0% used [0x00000000c1600000,0x00000000c1600000,0x00000000c4100000)
 Metaspace       used 6268K, capacity 6350K, committed 6400K, reserved 1060864K
  class space    used 709K, capacity 766K, committed 768K, reserved 1048576K
Event: 0.292 GC heap after
Heap after GC invocations=1 (full 0):
 PSYoungGen      total 18944K, used 912K [0x00000000eb200000, 0x00000000ec700000, 0x0000000100000000)
  eden space 16384K, 0% used [0x00000000eb200000,0x00000000eb200000,0x00000000ec200000)
  from space 2560K, 35% used [0x00000000ec200000,0x00000000ec2e4010,0x00000000ec480000)
  to   space 2560K, 0% used [0x00000000ec480000,0x00000000ec480000,0x00000000ec700000)
 ParOldGen       total 44032K, used 8K [0x00000000c1600000, 0x00000000c4100000, 0x00000000eb200000)
  object space 44032K, 0% used [0x00000000c1600000,0x00000000c1602000,0x00000000c4100000)
 Metaspace       used 6268K, capacity 6350K, committed 6400K, reserved 1060864K
  class space    used 709K, capacity 766K, committed 768K, reserved 1048576K
}
Event: 0.292 GC heap before
{Heap before GC invocations=2 (full 1):
 PSYoungGen      total 18944K, used 912K [0x00000000eb200000, 0x00000000ec700000, 0x0000000100000000)
  eden space 16384K, 0% used [0x00000000eb200000,0x00000000eb200000,0x00000000ec200000)
  from space 2560K, 35% used [0x00000000ec200000,0x00000000ec2e4010,0x00000000ec480000)
  to   space 2560K, 0% used [0x00000000ec480000,0x00000000ec480000,0x00000000ec700000)
 ParOldGen       total 44032K, used 8K [0x00000000c1600000, 0x00000000c4100000, 0x00000000eb200000)
  object space 44032K, 0% used [0x00000000c1600000,0x00000000c1602000,0x00000000c4100000)
 Metaspace       used 6268K, capacity 6350K, committed 6400K, reserved 1060864K
  class space    used 709K, capacity 766K, committed 768K, reserved 1048576K
Event: 0.307 GC heap after
Heap after GC invocations=2 (full 1):
 PSYoungGen      total 18944K, used 0K [0x00000000eb200000, 0x00000000ec700000, 0x0000000100000000)
  eden space 16384K, 0% used [0x00000000eb200000,0x00000000eb200000,0x00000000ec200000)
  from space 2560K, 0% used [0x00000000ec200000,0x00000000ec200000,0x00000000ec480000)
  to   space 2560K, 0% used [0x00000000ec480000,0x00000000ec480000,0x00000000ec700000)
 ParOldGen       total 31744K, used 813K [0x00000000c1600000, 0x00000000c3500000, 0x00000000eb200000)
  object space 31744K, 2% used [0x00000000c1600000,0x00000000c16cb718,0x00000000c3500000)
 Metaspace       used 6267K, capacity 6348K, committed 6400K, reserved 1058816K
  class space    used 708K, capacity 765K, committed 768K, reserved 1048576K
}

